<?xml version="1.0" encoding="UTF-8"?>
<testng-results ignored="0" total="2" passed="2" failed="0" skipped="0">
  <reporter-output>
  </reporter-output>
  <suite started-at="2023-08-27T19:51:40 IST" name="KeyPressesTestSuite" finished-at="2023-08-27T19:52:52 IST" duration-ms="72797">
    <groups>
    </groups>
    <test started-at="2023-08-27T19:51:40 IST" name="KeyPressesTests-CH" finished-at="2023-08-27T19:52:52 IST" duration-ms="72797">
      <class name="com.herokuapp.theinternet.keypressestests.KeyPressesTests">
        <test-method is-config="true" signature="setUp(java.lang.String,org.testng.ITestContext)[pri:0, instance:com.herokuapp.theinternet.keypressestests.KeyPressesTests@409bf450]" started-at="2023-08-27T19:51:40 IST" name="setUp" finished-at="2023-08-27T19:51:59 IST" duration-ms="19101" status="PASS">
          <params>
            <param index="0">
              <value>
                <![CDATA[chrome]]>
              </value>
            </param>
            <param index="1">
              <value>
                <![CDATA[org.testng.TestRunner@52f57666]]>
              </value>
            </param>
          </params>
          <reporter-output>
          </reporter-output>
        </test-method> <!-- setUp -->
        <test-method signature="pressKeyTest()[pri:0, instance:com.herokuapp.theinternet.keypressestests.KeyPressesTests@409bf450]" started-at="2023-08-27T19:51:59 IST" name="pressKeyTest" finished-at="2023-08-27T19:52:08 IST" duration-ms="9172" status="PASS">
          <reporter-output>
          </reporter-output>
        </test-method> <!-- pressKeyTest -->
        <test-method is-config="true" signature="tearDown()[pri:0, instance:com.herokuapp.theinternet.keypressestests.KeyPressesTests@409bf450]" started-at="2023-08-27T19:52:08 IST" name="tearDown" finished-at="2023-08-27T19:52:09 IST" duration-ms="662" status="PASS">
          <reporter-output>
          </reporter-output>
        </test-method> <!-- tearDown -->
        <test-method is-config="true" signature="setUp(java.lang.String,org.testng.ITestContext)[pri:0, instance:com.herokuapp.theinternet.keypressestests.KeyPressesTests@409bf450]" started-at="2023-08-27T19:52:09 IST" name="setUp" finished-at="2023-08-27T19:52:13 IST" duration-ms="4054" status="PASS">
          <params>
            <param index="0">
              <value>
                <![CDATA[chrome]]>
              </value>
            </param>
            <param index="1">
              <value>
                <![CDATA[org.testng.TestRunner@52f57666]]>
              </value>
            </param>
          </params>
          <reporter-output>
          </reporter-output>
        </test-method> <!-- setUp -->
        <test-method signature="pressKeyWithActionsTest()[pri:0, instance:com.herokuapp.theinternet.keypressestests.KeyPressesTests@409bf450]" started-at="2023-08-27T19:52:13 IST" name="pressKeyWithActionsTest" finished-at="2023-08-27T19:52:52 IST" duration-ms="39406" status="PASS">
          <reporter-output>
          </reporter-output>
        </test-method> <!-- pressKeyWithActionsTest -->
        <test-method is-config="true" signature="tearDown()[pri:0, instance:com.herokuapp.theinternet.keypressestests.KeyPressesTests@409bf450]" started-at="2023-08-27T19:52:52 IST" name="tearDown" finished-at="2023-08-27T19:52:52 IST" duration-ms="312" status="PASS">
          <reporter-output>
          </reporter-output>
        </test-method> <!-- tearDown -->
      </class> <!-- com.herokuapp.theinternet.keypressestests.KeyPressesTests -->
    </test> <!-- KeyPressesTests-CH -->
  </suite> <!-- KeyPressesTestSuite -->
</testng-results>
